coolweather-master/app/build/outputs/logs/manifest-merger-debug-report.txt
-- Merging decision tree log ---
manifest
ADDED from src/main/AndroidManifest.xml:2:1-62:12
	package
		ADDED from src/main/AndroidManifest.xml:3:5-34
	android:versionName
		ADDED from src/main/AndroidManifest.xml:5:5-32
		INJECTED from src/main/AndroidManifest.xml
		INJECTED from src/main/AndroidManifest.xml
	android:versionCode
		ADDED from src/main/AndroidManifest.xml:4:5-28
		INJECTED from src/main/AndroidManifest.xml
		INJECTED from src/main/AndroidManifest.xml
	xmlns:android
		ADDED from src/main/AndroidManifest.xml:2:11-69
uses-permission#android.permission.INTERNET
ADDED from src/main/AndroidManifest.xml:11:5-67
	android:name
		ADDED from src/main/AndroidManifest.xml:11:22-64
uses-permission#android.permission.READ_PHONE_STATE
ADDED from src/main/AndroidManifest.xml:12:5-75
	android:name
		ADDED from src/main/AndroidManifest.xml:12:22-72
uses-permission#android.permission.ACCESS_NETWORK_STATE
ADDED from src/main/AndroidManifest.xml:13:5-79
	android:name
		ADDED from src/main/AndroidManifest.xml:13:22-76
uses-permission#android.permission.ACCESS_WIFI_STATE
ADDED from src/main/AndroidManifest.xml:14:5-76
	android:name
		ADDED from src/main/AndroidManifest.xml:14:22-73
uses-permission#android.permission.WRITE_EXTERNAL_STORAGE
ADDED from src/main/AndroidManifest.xml:15:5-81
	android:name
		ADDED from src/main/AndroidManifest.xml:15:22-78
uses-permission#android.permission.SYSTEM_ALERT_WINDOW
ADDED from src/main/AndroidManifest.xml:16:5-78
	android:name
		ADDED from src/main/AndroidManifest.xml:16:22-75
uses-permission#android.permission.GET_TASKS
ADDED from src/main/AndroidManifest.xml:17:5-68
	android:name
		ADDED from src/main/AndroidManifest.xml:17:22-65
application
ADDED from src/main/AndroidManifest.xml:19:5-60:19
	android:label
		ADDED from src/main/AndroidManifest.xml:22:9-41
	android:allowBackup
		ADDED from src/main/AndroidManifest.xml:20:9-35
	android:icon
		ADDED from src/main/AndroidManifest.xml:21:9-38
	android:theme
		ADDED from src/main/AndroidManifest.xml:23:9-40
activity#com.coolweather.app.activity.ChooseAreaActivity
ADDED from src/main/AndroidManifest.xml:24:9-32:20
	android:label
		ADDED from src/main/AndroidManifest.xml:26:13-45
	android:name
		ADDED from src/main/AndroidManifest.xml:25:13-75
intent-filter#android.intent.action.MAIN+android.intent.category.LAUNCHER
ADDED from src/main/AndroidManifest.xml:27:13-31:29
action#android.intent.action.MAIN
ADDED from src/main/AndroidManifest.xml:28:17-69
	android:name
		ADDED from src/main/AndroidManifest.xml:28:25-66
category#android.intent.category.LAUNCHER
ADDED from src/main/AndroidManifest.xml:30:17-77
	android:name
		ADDED from src/main/AndroidManifest.xml:30:27-74
activity#com.coolweather.app.activity.WeatherActivity
ADDED from src/main/AndroidManifest.xml:33:9-34:20
	android:name
		ADDED from src/main/AndroidManifest.xml:33:19-78
service#com.coolweather.app.service.AutoUpdateService
ADDED from src/main/AndroidManifest.xml:36:9-37:19
	android:name
		ADDED from src/main/AndroidManifest.xml:36:18-78
receiver#com.example.sunny.coolweather.service.AutoUpdateReceiver
ADDED from src/main/AndroidManifest.xml:39:9-40:20
	android:name
		ADDED from src/main/AndroidManifest.xml:39:19-90
activity#net.youmi.android.AdBrowser
ADDED from src/main/AndroidManifest.xml:42:9-46:20
	android:configChanges
		ADDED from src/main/AndroidManifest.xml:44:13-72
	android:theme
		ADDED from src/main/AndroidManifest.xml:45:13-66
	android:name
		ADDED from src/main/AndroidManifest.xml:43:13-55
service#net.youmi.android.AdService
ADDED from src/main/AndroidManifest.xml:48:9-51:19
	android:exported
		ADDED from src/main/AndroidManifest.xml:50:13-37
	android:name
		ADDED from src/main/AndroidManifest.xml:49:13-55
receiver#net.youmi.android.AdReceiver
ADDED from src/main/AndroidManifest.xml:53:9-59:20
	android:name
		ADDED from src/main/AndroidManifest.xml:53:19-62
intent-filter#android.intent.action.PACKAGE_ADDED
ADDED from src/main/AndroidManifest.xml:54:13-58:29
action#android.intent.action.PACKAGE_ADDED
ADDED from src/main/AndroidManifest.xml:55:17-78
	android:name
		ADDED from src/main/AndroidManifest.xml:55:25-75
data
ADDED from src/main/AndroidManifest.xml:57:17-50
	android:scheme
		ADDED from src/main/AndroidManifest.xml:57:23-47